<?xml version="1.0" encoding="UTF-8"?>
<!-- Generated by org.testng.reporters.JUnitReportReporter -->
<testsuite hostname="jestrada" name="com.belatrix.connect.AppTest"
	tests="1" failures="0" timestamp="19 Sep 2016 21:09:52 GMT" time="0.508"
	errors="0">
	<testcase name="run_cukes" time="0.508" classname="com.belatrix.connect.AppTest" />
</testsuite> <!-- com.belatrix.connect.AppTest -->
